<?xml version="1.0" encoding="UTF-8"?>
<!-- Generated by org.testng.reporters.JUnitXMLReporter -->
<testsuite ignored="4" hostname="DESKTOP-LEC42KF" failures="0" tests="4" name="Default test" time="0.049" errors="0" timestamp="28 10月 2019 10:29:38 GMT">
  <testcase classname="com.tonglee.leetcode.TestArray" name="testRotate4" time="0.015"/>
  <testcase classname="com.tonglee.leetcode.TestArray" name="testRotate4" time="0.001"/>
  <testcase classname="com.tonglee.leetcode.TestArray" name="testRotate4" time="0.001"/>
  <testcase classname="com.tonglee.leetcode.TestArray" name="testRotate4" time="0.001"/>
  <testcase classname="com.tonglee.leetcode.TestArray" name="testRotate3" time="0.0">
    <ignored/>
  </testcase> <!-- testRotate3 -->
  <testcase classname="com.tonglee.leetcode.TestArray" name="testMaxProfit" time="0.0">
    <ignored/>
  </testcase> <!-- testMaxProfit -->
  <testcase classname="com.tonglee.leetcode.TestArray" name="testRotate2" time="0.0">
    <ignored/>
  </testcase> <!-- testRotate2 -->
  <testcase classname="com.tonglee.leetcode.TestArray" name="testRotate" time="0.0">
    <ignored/>
  </testcase> <!-- testRotate -->
</testsuite> <!-- Default test -->
