<?xml version="1.0" encoding="UTF-8"?>
<!-- Generated by org.testng.reporters.JUnitXMLReporter -->
<testsuite ignored="0" hostname="DESKTOP-LEC42KF" failures="0" tests="3" name="TestArray" time="0.047" errors="0" timestamp="28 10月 2019 09:42:26 GMT">
  <testcase classname="com.tonglee.leetcode.TestArray" name="testMaxProfit" time="0.011"/>
  <testcase classname="com.tonglee.leetcode.TestArray" name="testMaxProfit" time="0.001"/>
  <testcase classname="com.tonglee.leetcode.TestArray" name="testMaxProfit" time="0.002"/>
</testsuite> <!-- TestArray -->
