<?xml version="1.0" encoding="UTF-8"?>
<testng-results ignored="4" total="8" passed="4" failed="0" skipped="0">
  <reporter-output>
  </reporter-output>
  <suite started-at="2019-10-28T10:29:38Z" name="Default suite" finished-at="2019-10-28T10:29:38Z" duration-ms="49">
    <groups>
      <group name="rotate">
        <method signature="TestArray.testRotate4(com.tonglee.leetcode.TestArray$DataModel2)[pri:0, instance:com.tonglee.leetcode.TestArray@1e66f1f5]" name="testRotate4" class="com.tonglee.leetcode.TestArray"/>
      </group> <!-- rotate -->
    </groups>
    <test started-at="2019-10-28T10:29:38Z" name="Default test" finished-at="2019-10-28T10:29:38Z" duration-ms="49">
      <class name="com.tonglee.leetcode.TestArray">
        <test-method signature="testRotate4(com.tonglee.leetcode.TestArray$DataModel2)[pri:0, instance:com.tonglee.leetcode.TestArray@1e66f1f5]" started-at="2019-10-28T18:29:38Z" name="testRotate4" data-provider="data_rotate" finished-at="2019-10-28T18:29:38Z" duration-ms="15" status="PASS">
          <params>
            <param index="0">
              <value>
                <![CDATA[com.tonglee.leetcode.TestArray$DataModel2@11bd0f3b]]>
              </value>
            </param>
          </params>
          <reporter-output>
          </reporter-output>
        </test-method> <!-- testRotate4 -->
        <test-method signature="testRotate4(com.tonglee.leetcode.TestArray$DataModel2)[pri:0, instance:com.tonglee.leetcode.TestArray@1e66f1f5]" started-at="2019-10-28T18:29:38Z" name="testRotate4" data-provider="data_rotate" finished-at="2019-10-28T18:29:38Z" duration-ms="1" status="PASS">
          <params>
            <param index="0">
              <value>
                <![CDATA[com.tonglee.leetcode.TestArray$DataModel2@49912c99]]>
              </value>
            </param>
          </params>
          <reporter-output>
          </reporter-output>
        </test-method> <!-- testRotate4 -->
        <test-method signature="testRotate4(com.tonglee.leetcode.TestArray$DataModel2)[pri:0, instance:com.tonglee.leetcode.TestArray@1e66f1f5]" started-at="2019-10-28T18:29:38Z" name="testRotate4" data-provider="data_rotate" finished-at="2019-10-28T18:29:38Z" duration-ms="1" status="PASS">
          <params>
            <param index="0">
              <value>
                <![CDATA[com.tonglee.leetcode.TestArray$DataModel2@2dde1bff]]>
              </value>
            </param>
          </params>
          <reporter-output>
          </reporter-output>
        </test-method> <!-- testRotate4 -->
        <test-method signature="testRotate4(com.tonglee.leetcode.TestArray$DataModel2)[pri:0, instance:com.tonglee.leetcode.TestArray@1e66f1f5]" started-at="2019-10-28T18:29:38Z" name="testRotate4" data-provider="data_rotate" finished-at="2019-10-28T18:29:38Z" duration-ms="1" status="PASS">
          <params>
            <param index="0">
              <value>
                <![CDATA[com.tonglee.leetcode.TestArray$DataModel2@550ee7e5]]>
              </value>
            </param>
          </params>
          <reporter-output>
          </reporter-output>
        </test-method> <!-- testRotate4 -->
      </class> <!-- com.tonglee.leetcode.TestArray -->
    </test> <!-- Default test -->
  </suite> <!-- Default suite -->
</testng-results>
