<?xml version="1.0" encoding="UTF-8"?>
<!-- Generated by org.testng.reporters.JUnitReportReporter -->
<testsuite ignored="4" hostname="DESKTOP-LEC42KF" failures="0" tests="4" name="com.tonglee.leetcode.TestArray" time="0.018" errors="0" timestamp="28 10月 2019 10:29:38 GMT" skipped="0">
  <testcase classname="com.tonglee.leetcode.TestArray" name="testRotate4" time="0.001"/>
  <testcase classname="com.tonglee.leetcode.TestArray" name="testRotate4" time="0.001"/>
  <testcase classname="com.tonglee.leetcode.TestArray" name="testRotate4" time="0.001"/>
  <testcase classname="com.tonglee.leetcode.TestArray" name="testRotate4" time="0.015"/>
  <testcase classname="com.tonglee.leetcode.TestArray" name="testRotate3">
    <skipped/>
  </testcase> <!-- testRotate3 -->
  <testcase classname="com.tonglee.leetcode.TestArray" name="testMaxProfit">
    <skipped/>
  </testcase> <!-- testMaxProfit -->
  <testcase classname="com.tonglee.leetcode.TestArray" name="testRotate2">
    <skipped/>
  </testcase> <!-- testRotate2 -->
  <testcase classname="com.tonglee.leetcode.TestArray" name="testRotate">
    <skipped/>
  </testcase> <!-- testRotate -->
</testsuite> <!-- com.tonglee.leetcode.TestArray -->
