<?xml version="1.0" encoding="UTF-8"?>
<!-- Generated by org.testng.reporters.JUnitReportReporter -->
<testsuite ignored="0" hostname="DESKTOP-LEC42KF" failures="0" tests="3" name="com.tonglee.leetcode.TestString" time="0.028" errors="0" timestamp="27 10月 2019 17:17:05 GMT" skipped="0">
  <testcase classname="com.tonglee.leetcode.TestString" name="run" time="0.024"/>
  <testcase classname="com.tonglee.leetcode.TestString" name="run" time="0.002"/>
  <testcase classname="com.tonglee.leetcode.TestString" name="run" time="0.002"/>
</testsuite> <!-- com.tonglee.leetcode.TestString -->
